[Wed Aug  8 14:42:34 2012] [debug] Your secret passphrase needs to be changed!!!
[Wed Aug  8 14:42:34 2012] [debug] GET / (Mozilla/5.0 (Windows NT 6.1; WOW64; rv:13.0) Gecko/20100101 Firefox/13.0).
[Wed Aug  8 14:42:34 2012] [debug] Template "not_found.development.html.ep" not found.
[Wed Aug  8 14:42:34 2012] [debug] Template "not_found.html.ep" not found.
[Wed Aug  8 14:42:34 2012] [debug] Rendering inline template.
[Wed Aug  8 14:42:34 2012] [debug] 404 Not Found (0.012228s, 81.780/s).
[Wed Aug  8 14:42:35 2012] [debug] Your secret passphrase needs to be changed!!!
[Wed Aug  8 14:42:35 2012] [debug] Your secret passphrase needs to be changed!!!
[Wed Aug  8 14:42:35 2012] [debug] Your secret passphrase needs to be changed!!!
[Wed Aug  8 14:42:35 2012] [debug] Your secret passphrase needs to be changed!!!
[Wed Aug  8 14:42:35 2012] [debug] Your secret passphrase needs to be changed!!!
[Wed Aug  8 14:42:35 2012] [debug] Your secret passphrase needs to be changed!!!
[Wed Aug  8 14:42:35 2012] [debug] Your secret passphrase needs to be changed!!!
[Wed Aug  8 14:42:35 2012] [debug] Your secret passphrase needs to be changed!!!
[Wed Aug  8 14:52:36 2012] [debug] Your secret passphrase needs to be changed!!!
[Wed Aug  8 14:52:36 2012] [debug] GET / (Mozilla/5.0 (Windows NT 6.1; WOW64; rv:13.0) Gecko/20100101 Firefox/13.0).
[Wed Aug  8 14:52:36 2012] [debug] Template "not_found.development.html.ep" not found.
[Wed Aug  8 14:52:36 2012] [debug] Template "not_found.html.ep" not found.
[Wed Aug  8 14:52:36 2012] [debug] Rendering inline template.
[Wed Aug  8 14:52:36 2012] [debug] 404 Not Found (0.012028s, 83.139/s).
[Wed Aug  8 14:52:37 2012] [debug] Your secret passphrase needs to be changed!!!
[Wed Aug  8 14:52:37 2012] [debug] Your secret passphrase needs to be changed!!!
[Wed Aug  8 14:52:37 2012] [debug] Your secret passphrase needs to be changed!!!
[Wed Aug  8 14:52:37 2012] [debug] Your secret passphrase needs to be changed!!!
[Wed Aug  8 14:52:37 2012] [debug] Your secret passphrase needs to be changed!!!
[Wed Aug  8 14:52:37 2012] [debug] Your secret passphrase needs to be changed!!!
[Wed Aug  8 14:52:37 2012] [debug] Your secret passphrase needs to be changed!!!
[Wed Aug  8 14:52:37 2012] [debug] Your secret passphrase needs to be changed!!!
[Wed Aug  8 14:52:54 2012] [debug] Your secret passphrase needs to be changed!!!
[Wed Aug  8 14:52:54 2012] [debug] GET / (Mozilla/5.0 (Windows NT 6.1; WOW64) AppleWebKit/537.1 (KHTML, like Gecko) Chrome/21.0.1180.60 Safari/537.1).
[Wed Aug  8 14:52:54 2012] [debug] Template "not_found.development.html.ep" not found.
[Wed Aug  8 14:52:54 2012] [debug] Template "not_found.html.ep" not found.
[Wed Aug  8 14:52:54 2012] [debug] Rendering inline template.
[Wed Aug  8 14:52:54 2012] [debug] 404 Not Found (0.014035s, 71.250/s).
[Wed Aug  8 14:52:54 2012] [debug] Your secret passphrase needs to be changed!!!
[Wed Aug  8 14:52:54 2012] [debug] Your secret passphrase needs to be changed!!!
[Wed Aug  8 14:52:55 2012] [debug] Your secret passphrase needs to be changed!!!
[Wed Aug  8 14:52:55 2012] [debug] Your secret passphrase needs to be changed!!!
[Wed Aug  8 14:52:55 2012] [debug] Your secret passphrase needs to be changed!!!
[Wed Aug  8 14:52:55 2012] [debug] Your secret passphrase needs to be changed!!!
[Wed Aug  8 14:52:55 2012] [debug] Your secret passphrase needs to be changed!!!
[Wed Aug  8 14:52:55 2012] [debug] Your secret passphrase needs to be changed!!!
[Wed Aug  8 15:36:25 2012] [debug] Your secret passphrase needs to be changed!!!
[Wed Aug  8 15:36:25 2012] [debug] GET / (Mozilla/5.0 (Windows NT 6.1; WOW64) AppleWebKit/537.1 (KHTML, like Gecko) Chrome/21.0.1180.60 Safari/537.1).
[Wed Aug  8 15:36:25 2012] [debug] Template "not_found.development.html.ep" not found.
[Wed Aug  8 15:36:25 2012] [debug] Template "not_found.html.ep" not found.
[Wed Aug  8 15:36:25 2012] [debug] Rendering inline template.
[Wed Aug  8 15:36:25 2012] [debug] 404 Not Found (0.012542s, 79.732/s).
[Wed Aug  8 15:36:25 2012] [debug] Your secret passphrase needs to be changed!!!
[Wed Aug  8 15:36:25 2012] [debug] Your secret passphrase needs to be changed!!!
[Wed Aug  8 15:36:26 2012] [debug] Your secret passphrase needs to be changed!!!
[Wed Aug  8 15:36:26 2012] [debug] Your secret passphrase needs to be changed!!!
[Wed Aug  8 15:36:26 2012] [debug] Your secret passphrase needs to be changed!!!
[Wed Aug  8 15:36:26 2012] [debug] Your secret passphrase needs to be changed!!!
[Wed Aug  8 15:36:26 2012] [debug] Your secret passphrase needs to be changed!!!
[Wed Aug  8 15:36:26 2012] [debug] Your secret passphrase needs to be changed!!!
[Wed Aug  8 15:36:35 2012] [debug] Your secret passphrase needs to be changed!!!
[Wed Aug  8 15:36:35 2012] [debug] GET /perldoc (Mozilla/5.0 (Windows NT 6.1; WOW64) AppleWebKit/537.1 (KHTML, like Gecko) Chrome/21.0.1180.60 Safari/537.1).
[Wed Aug  8 15:36:35 2012] [debug] Dispatching callback.
[Wed Aug  8 15:36:35 2012] [debug] Rendering inline template.
[Wed Aug  8 15:36:35 2012] [debug] Rendering inline template.
[Wed Aug  8 15:36:35 2012] [debug] 200 OK (0.089085s, 11.225/s).
[Wed Aug  8 15:36:36 2012] [debug] Your secret passphrase needs to be changed!!!
[Wed Aug  8 15:36:36 2012] [debug] Your secret passphrase needs to be changed!!!
[Wed Aug  8 15:36:53 2012] [debug] Your secret passphrase needs to be changed!!!
[Wed Aug  8 15:36:53 2012] [debug] GET /perldoc/Mojolicious/Lite (Mozilla/5.0 (Windows NT 6.1; WOW64) AppleWebKit/537.1 (KHTML, like Gecko) Chrome/21.0.1180.60 Safari/537.1).
[Wed Aug  8 15:36:53 2012] [debug] Dispatching callback.
[Wed Aug  8 15:36:53 2012] [debug] Rendering inline template.
[Wed Aug  8 15:36:53 2012] [debug] Rendering inline template.
[Wed Aug  8 15:36:53 2012] [debug] 200 OK (0.317734s, 3.147/s).
[Wed Aug  8 15:57:11 2012] [debug] Your secret passphrase needs to be changed!!!
[Wed Aug  8 15:57:11 2012] [debug] GET /perldoc/Mojolicious/Guides/Growing (Mozilla/5.0 (Windows NT 6.1; WOW64) AppleWebKit/537.1 (KHTML, like Gecko) Chrome/21.0.1180.60 Safari/537.1).
[Wed Aug  8 15:57:11 2012] [debug] Dispatching callback.
[Wed Aug  8 15:57:11 2012] [debug] Rendering inline template.
[Wed Aug  8 15:57:11 2012] [debug] Rendering inline template.
[Wed Aug  8 15:57:11 2012] [debug] 200 OK (0.173469s, 5.765/s).
[Wed Aug  8 16:01:02 2012] [debug] Your secret passphrase needs to be changed!!!
[Wed Aug  8 16:01:02 2012] [debug] GET /perldoc/Mojolicious/Guides/Routing (Mozilla/5.0 (Windows NT 6.1; WOW64) AppleWebKit/537.1 (KHTML, like Gecko) Chrome/21.0.1180.60 Safari/537.1).
[Wed Aug  8 16:01:02 2012] [debug] Dispatching callback.
[Wed Aug  8 16:01:03 2012] [debug] Rendering inline template.
[Wed Aug  8 16:01:03 2012] [debug] Rendering inline template.
[Wed Aug  8 16:01:03 2012] [debug] 200 OK (0.347341s, 2.879/s).
[Thu Aug  9 10:29:00 2012] [debug] Your secret passphrase needs to be changed!!!
[Thu Aug  9 10:29:00 2012] [debug] GET / (Mozilla/5.0 (Windows NT 6.1; WOW64; rv:13.0) Gecko/20100101 Firefox/13.0).
[Thu Aug  9 10:29:00 2012] [debug] Template "not_found.development.html.ep" not found.
[Thu Aug  9 10:29:00 2012] [debug] Template "not_found.html.ep" not found.
[Thu Aug  9 10:29:00 2012] [debug] Rendering inline template.
[Thu Aug  9 10:29:00 2012] [debug] 404 Not Found (0.024061s, 41.561/s).
[Thu Aug  9 10:29:00 2012] [debug] Your secret passphrase needs to be changed!!!
[Thu Aug  9 10:29:00 2012] [debug] Your secret passphrase needs to be changed!!!
[Thu Aug  9 10:29:00 2012] [debug] Your secret passphrase needs to be changed!!!
[Thu Aug  9 10:29:00 2012] [debug] Your secret passphrase needs to be changed!!!
[Thu Aug  9 10:29:01 2012] [debug] Your secret passphrase needs to be changed!!!
[Thu Aug  9 10:29:01 2012] [debug] Your secret passphrase needs to be changed!!!
[Thu Aug  9 10:29:01 2012] [debug] Your secret passphrase needs to be changed!!!
[Thu Aug  9 10:29:01 2012] [debug] Your secret passphrase needs to be changed!!!
[Thu Aug 16 07:35:25 2012] [debug] Your secret passphrase needs to be changed!!!
[Thu Aug 16 07:35:25 2012] [debug] GET / (Mozilla/5.0 (Windows NT 6.1; WOW64; rv:13.0) Gecko/20100101 Firefox/13.0).
[Thu Aug 16 07:35:25 2012] [debug] Template "not_found.development.html.ep" not found.
[Thu Aug 16 07:35:25 2012] [debug] Template "not_found.html.ep" not found.
[Thu Aug 16 07:35:25 2012] [debug] Rendering inline template.
[Thu Aug 16 07:35:25 2012] [debug] 404 Not Found (0.045526s, 21.965/s).
[Thu Aug 16 07:35:26 2012] [debug] Your secret passphrase needs to be changed!!!
[Thu Aug 16 07:35:26 2012] [debug] Your secret passphrase needs to be changed!!!
[Thu Aug 16 07:35:26 2012] [debug] Your secret passphrase needs to be changed!!!
[Thu Aug 16 07:35:26 2012] [debug] Your secret passphrase needs to be changed!!!
[Thu Aug 16 07:35:26 2012] [debug] Your secret passphrase needs to be changed!!!
[Thu Aug 16 07:35:26 2012] [debug] Your secret passphrase needs to be changed!!!
[Thu Aug 16 07:35:27 2012] [debug] Your secret passphrase needs to be changed!!!
[Thu Aug 16 07:35:27 2012] [debug] Your secret passphrase needs to be changed!!!
[Mon Aug 27 13:13:29 2012] [debug] Your secret passphrase needs to be changed!!!
[Mon Aug 27 13:13:29 2012] [debug] GET / (Mozilla/5.0 (Windows NT 6.1; WOW64; rv:13.0) Gecko/20100101 Firefox/13.0).
[Mon Aug 27 13:13:29 2012] [debug] Template "not_found.development.html.ep" not found.
[Mon Aug 27 13:13:29 2012] [debug] Template "not_found.html.ep" not found.
[Mon Aug 27 13:13:29 2012] [debug] Rendering inline template.
[Mon Aug 27 13:13:29 2012] [debug] 404 Not Found (0.039460s, 25.342/s).
[Mon Aug 27 13:13:30 2012] [debug] Your secret passphrase needs to be changed!!!
[Mon Aug 27 13:13:30 2012] [debug] Your secret passphrase needs to be changed!!!
[Mon Aug 27 13:13:30 2012] [debug] Your secret passphrase needs to be changed!!!
[Mon Aug 27 13:13:30 2012] [debug] Your secret passphrase needs to be changed!!!
[Mon Aug 27 13:13:30 2012] [debug] Your secret passphrase needs to be changed!!!
[Mon Aug 27 13:13:30 2012] [debug] Your secret passphrase needs to be changed!!!
[Mon Aug 27 13:13:30 2012] [debug] Your secret passphrase needs to be changed!!!
[Mon Aug 27 13:13:31 2012] [debug] Your secret passphrase needs to be changed!!!
